Traceback (most recent call last):
  File "C:\Users\Alaa\.conda\envs\uoft\lib\site-packages\jupyter_cache\executors\utils.py", line 58, in single_nb_execution
    executenb(
  File "C:\Users\Alaa\.conda\envs\uoft\lib\site-packages\nbclient\client.py", line 1269, in execute
    return NotebookClient(nb=nb, resources=resources, km=km, **kwargs).execute()
  File "C:\Users\Alaa\.conda\envs\uoft\lib\site-packages\nbclient\util.py", line 85, in wrapped
    return just_run(coro(*args, **kwargs))
  File "C:\Users\Alaa\.conda\envs\uoft\lib\site-packages\nbclient\util.py", line 60, in just_run
    return loop.run_until_complete(coro)
  File "C:\Users\Alaa\.conda\envs\uoft\lib\asyncio\base_events.py", line 646, in run_until_complete
    return future.result()
  File "C:\Users\Alaa\.conda\envs\uoft\lib\site-packages\nbclient\client.py", line 707, in async_execute
    await self.async_execute_cell(
  File "C:\Users\Alaa\.conda\envs\uoft\lib\site-packages\nbclient\client.py", line 1025, in async_execute_cell
    await self._check_raise_for_error(cell, cell_index, exec_reply)
  File "C:\Users\Alaa\.conda\envs\uoft\lib\site-packages\nbclient\client.py", line 919, in _check_raise_for_error
    raise CellExecutionError.from_cell_and_msg(cell, exec_reply_content)
nbclient.exceptions.CellExecutionError: An error occurred while executing the following cell:
------------------
import osmnx
from smart_mobility_utilities.common import Node, cost, randomized_search
from smart_mobility_utilities.viz import draw_route
from smart_mobility_utilities.problem import cross_over
from tqdm.notebook import tqdm
import math
import matplotlib.pyplot as plt

reference = (43.661667, -79.395)

# The simplify=True is critical, as it removes non-important nodes
G = osmnx.graph_from_point(reference, dist=300, clean_periphery=True, simplify=True)

origin = Node(graph=G, osmid=55808290)
destination = Node(graph=G, osmid=389677909)

highlighted = [389677909, 55808290]

# marking both the source and destination node

nc = ['red' if node in highlighted else '#336699' for node in G.nodes()]
ns = [50 if node in highlighted else 8 for node in G.nodes()]
fig, ax = osmnx.plot_graph(G, node_size=ns, node_color=nc, node_zorder=2)
------------------

[1;31m---------------------------------------------------------------------------[0m
[1;31mModuleNotFoundError[0m                       Traceback (most recent call last)
Input [1;32mIn [1][0m, in [0;36m<cell line: 2>[1;34m()[0m
[0;32m      1[0m [38;5;28;01mimport[39;00m [38;5;21;01mosmnx[39;00m
[1;32m----> 2[0m [38;5;28;01mfrom[39;00m [38;5;21;01msmart_mobility_utilities[39;00m[38;5;21;01m.[39;00m[38;5;21;01mcommon[39;00m [38;5;28;01mimport[39;00m Node, cost, randomized_search
[0;32m      3[0m [38;5;28;01mfrom[39;00m [38;5;21;01msmart_mobility_utilities[39;00m[38;5;21;01m.[39;00m[38;5;21;01mviz[39;00m [38;5;28;01mimport[39;00m draw_route
[0;32m      4[0m [38;5;28;01mfrom[39;00m [38;5;21;01msmart_mobility_utilities[39;00m[38;5;21;01m.[39;00m[38;5;21;01mproblem[39;00m [38;5;28;01mimport[39;00m cross_over

[1;31mModuleNotFoundError[0m: No module named 'smart_mobility_utilities'
ModuleNotFoundError: No module named 'smart_mobility_utilities'

