Traceback (most recent call last):
  File "/home/yinan/book-env/lib/python3.8/site-packages/jupyter_cache/executors/utils.py", line 51, in single_nb_execution
    executenb(
  File "/home/yinan/book-env/lib/python3.8/site-packages/nbclient/client.py", line 1112, in execute
    return NotebookClient(nb=nb, resources=resources, km=km, **kwargs).execute()
  File "/home/yinan/book-env/lib/python3.8/site-packages/nbclient/util.py", line 74, in wrapped
    return just_run(coro(*args, **kwargs))
  File "/home/yinan/book-env/lib/python3.8/site-packages/nbclient/util.py", line 53, in just_run
    return loop.run_until_complete(coro)
  File "/usr/lib/python3.8/asyncio/base_events.py", line 616, in run_until_complete
    return future.result()
  File "/home/yinan/book-env/lib/python3.8/site-packages/nbclient/client.py", line 553, in async_execute
    await self.async_execute_cell(
  File "/home/yinan/book-env/lib/python3.8/site-packages/nbclient/client.py", line 857, in async_execute_cell
    self._check_raise_for_error(cell, exec_reply)
  File "/home/yinan/book-env/lib/python3.8/site-packages/nbclient/client.py", line 760, in _check_raise_for_error
    raise CellExecutionError.from_cell_and_msg(cell, exec_reply_content)
nbclient.exceptions.CellExecutionError: An error occurred while executing the following cell:
------------------
import overpass

api = overpass.API()

# We're looking for restaurants within 1000m of a given point
overpass_query = """
(node["amenity"="restaurant"](around:1000,43.66, -79.39);
 way["amenity"="restaurant"](around:1000,43.66, -79.39);
 rel["amenity"="restaurant"](around:1000,43.66, -79.39);
);
out center;
"""

restaurants = api.get(overpass_query)
------------------

[0;31m---------------------------------------------------------------------------[0m
[0;31mMultipleRequestsError[0m                     Traceback (most recent call last)
[0;32m/tmp/ipykernel_9816/1229431247.py[0m in [0;36m<module>[0;34m[0m
[1;32m     12[0m """
[1;32m     13[0m [0;34m[0m[0m
[0;32m---> 14[0;31m [0mrestaurants[0m [0;34m=[0m [0mapi[0m[0;34m.[0m[0mget[0m[0;34m([0m[0moverpass_query[0m[0;34m)[0m[0;34m[0m[0;34m[0m[0m
[0m
[0;32m~/book-env/lib/python3.8/site-packages/overpass/api.py[0m in [0;36mget[0;34m(self, query, responseformat, verbosity, build)[0m
[1;32m     95[0m [0;34m[0m[0m
[1;32m     96[0m         [0;31m# Get the response from Overpass[0m[0;34m[0m[0;34m[0m[0;34m[0m[0m
[0;32m---> 97[0;31m         [0mr[0m [0;34m=[0m [0mself[0m[0;34m.[0m[0m_get_from_overpass[0m[0;34m([0m[0mfull_query[0m[0;34m)[0m[0;34m[0m[0;34m[0m[0m
[0m[1;32m     98[0m         [0mcontent_type[0m [0;34m=[0m [0mr[0m[0;34m.[0m[0mheaders[0m[0;34m.[0m[0mget[0m[0;34m([0m[0;34m"content-type"[0m[0;34m)[0m[0;34m[0m[0;34m[0m[0m
[1;32m     99[0m [0;34m[0m[0m

[0;32m~/book-env/lib/python3.8/site-packages/overpass/api.py[0m in [0;36m_get_from_overpass[0;34m(self, query)[0m
[1;32m    177[0m                 [0;32mraise[0m [0mOverpassSyntaxError[0m[0;34m([0m[0mquery[0m[0;34m)[0m[0;34m[0m[0;34m[0m[0m
[1;32m    178[0m             [0;32melif[0m [0mself[0m[0;34m.[0m[0m_status[0m [0;34m==[0m [0;36m429[0m[0;34m:[0m[0;34m[0m[0;34m[0m[0m
[0;32m--> 179[0;31m                 [0;32mraise[0m [0mMultipleRequestsError[0m[0;34m([0m[0;34m)[0m[0;34m[0m[0;34m[0m[0m
[0m[1;32m    180[0m             [0;32melif[0m [0mself[0m[0;34m.[0m[0m_status[0m [0;34m==[0m [0;36m504[0m[0;34m:[0m[0;34m[0m[0;34m[0m[0m
[1;32m    181[0m                 [0;32mraise[0m [0mServerLoadError[0m[0;34m([0m[0mself[0m[0;34m.[0m[0m_timeout[0m[0;34m)[0m[0;34m[0m[0;34m[0m[0m

[0;31mMultipleRequestsError[0m: 
MultipleRequestsError: 

