Traceback (most recent call last):
  File "/home/yinan/book-env/lib/python3.8/site-packages/jupyter_cache/executors/utils.py", line 51, in single_nb_execution
    executenb(
  File "/home/yinan/book-env/lib/python3.8/site-packages/nbclient/client.py", line 1112, in execute
    return NotebookClient(nb=nb, resources=resources, km=km, **kwargs).execute()
  File "/home/yinan/book-env/lib/python3.8/site-packages/nbclient/util.py", line 74, in wrapped
    return just_run(coro(*args, **kwargs))
  File "/home/yinan/book-env/lib/python3.8/site-packages/nbclient/util.py", line 53, in just_run
    return loop.run_until_complete(coro)
  File "/usr/lib/python3.8/asyncio/base_events.py", line 616, in run_until_complete
    return future.result()
  File "/home/yinan/book-env/lib/python3.8/site-packages/nbclient/client.py", line 553, in async_execute
    await self.async_execute_cell(
  File "/home/yinan/book-env/lib/python3.8/site-packages/nbclient/client.py", line 857, in async_execute_cell
    self._check_raise_for_error(cell, exec_reply)
  File "/home/yinan/book-env/lib/python3.8/site-packages/nbclient/client.py", line 760, in _check_raise_for_error
    raise CellExecutionError.from_cell_and_msg(cell, exec_reply_content)
nbclient.exceptions.CellExecutionError: An error occurred while executing the following cell:
------------------
# plotting map using ipyleaflet
from ipyleaflet import *
center=(43.662643, -79.395689) # UofT main building
source_point = (43.664527, -79.392442)  # King Edward VII Equestrian Statue
destination_point = (43.659659, -79.397669) # Bahen Centre for Information Technology at UofT

m = Map(center=center, zoom=15)

marker = Marker(location=center, draggable=False)

# King Edward VII Equestrian Statue
marker1 = Marker(name='marker1', location=source_point, icon=Icon(icon_url='https://raw.githubusercontent.com/pointhi/leaflet-color-markers/master/img/marker-icon-red.png', icon_size=[25, 41], icon_anchor=[12, 41]))

# Bahen Centre for Information Technology
marker2 = Marker(name='marker2', location=destination_point, icon=Icon(icon_url='https://raw.githubusercontent.com/pointhi/leaflet-color-markers/master/img/marker-icon-yellow.png', icon_size=[25, 41], icon_anchor=[12, 41]))

# for more icons: https://ipyleaflet.readthedocs.io/en/latest/api_reference/awesome_icon.html

m.add_layer(marker1)
m.add_layer(marker2)

control = LayersControl(position='topright')
m.add_control(control)
m.add_layer(marker);
m
------------------

[0;31m---------------------------------------------------------------------------[0m
[0;31mModuleNotFoundError[0m                       Traceback (most recent call last)
[0;32m/tmp/ipykernel_4384/392879013.py[0m in [0;36m<module>[0;34m[0m
[1;32m      1[0m [0;31m# plotting map using ipyleaflet[0m[0;34m[0m[0;34m[0m[0;34m[0m[0m
[0;32m----> 2[0;31m [0;32mfrom[0m [0mipyleaflet[0m [0;32mimport[0m [0;34m*[0m[0;34m[0m[0;34m[0m[0m
[0m[1;32m      3[0m [0mcenter[0m[0;34m=[0m[0;34m([0m[0;36m43.662643[0m[0;34m,[0m [0;34m-[0m[0;36m79.395689[0m[0;34m)[0m [0;31m# UofT main building[0m[0;34m[0m[0;34m[0m[0m
[1;32m      4[0m [0msource_point[0m [0;34m=[0m [0;34m([0m[0;36m43.664527[0m[0;34m,[0m [0;34m-[0m[0;36m79.392442[0m[0;34m)[0m  [0;31m# King Edward VII Equestrian Statue[0m[0;34m[0m[0;34m[0m[0m
[1;32m      5[0m [0mdestination_point[0m [0;34m=[0m [0;34m([0m[0;36m43.659659[0m[0;34m,[0m [0;34m-[0m[0;36m79.397669[0m[0;34m)[0m [0;31m# Bahen Centre for Information Technology at UofT[0m[0;34m[0m[0;34m[0m[0m

[0;31mModuleNotFoundError[0m: No module named 'ipyleaflet'
ModuleNotFoundError: No module named 'ipyleaflet'

