Traceback (most recent call last):
  File "/home/yinan/book-env/lib/python3.8/site-packages/jupyter_cache/executors/utils.py", line 51, in single_nb_execution
    executenb(
  File "/home/yinan/book-env/lib/python3.8/site-packages/nbclient/client.py", line 1112, in execute
    return NotebookClient(nb=nb, resources=resources, km=km, **kwargs).execute()
  File "/home/yinan/book-env/lib/python3.8/site-packages/nbclient/util.py", line 74, in wrapped
    return just_run(coro(*args, **kwargs))
  File "/home/yinan/book-env/lib/python3.8/site-packages/nbclient/util.py", line 53, in just_run
    return loop.run_until_complete(coro)
  File "/usr/lib/python3.8/asyncio/base_events.py", line 616, in run_until_complete
    return future.result()
  File "/home/yinan/book-env/lib/python3.8/site-packages/nbclient/client.py", line 553, in async_execute
    await self.async_execute_cell(
  File "/home/yinan/book-env/lib/python3.8/site-packages/nbclient/client.py", line 857, in async_execute_cell
    self._check_raise_for_error(cell, exec_reply)
  File "/home/yinan/book-env/lib/python3.8/site-packages/nbclient/client.py", line 760, in _check_raise_for_error
    raise CellExecutionError.from_cell_and_msg(cell, exec_reply_content)
nbclient.exceptions.CellExecutionError: An error occurred while executing the following cell:
------------------
import osmnx as ox
import time, math
from collections import deque
from itertools import islice
from tqdm import tqdm
from utilities import *
------------------

[0;31m---------------------------------------------------------------------------[0m
[0;31mModuleNotFoundError[0m                       Traceback (most recent call last)
[0;32m/tmp/ipykernel_9754/3337259625.py[0m in [0;36m<module>[0;34m[0m
[1;32m      3[0m [0;32mfrom[0m [0mcollections[0m [0;32mimport[0m [0mdeque[0m[0;34m[0m[0;34m[0m[0m
[1;32m      4[0m [0;32mfrom[0m [0mitertools[0m [0;32mimport[0m [0mislice[0m[0;34m[0m[0;34m[0m[0m
[0;32m----> 5[0;31m [0;32mfrom[0m [0mtqdm[0m [0;32mimport[0m [0mtqdm[0m[0;34m[0m[0;34m[0m[0m
[0m[1;32m      6[0m [0;32mfrom[0m [0mutilities[0m [0;32mimport[0m [0;34m*[0m[0;34m[0m[0;34m[0m[0m

[0;31mModuleNotFoundError[0m: No module named 'tqdm'
ModuleNotFoundError: No module named 'tqdm'

