Traceback (most recent call last):
  File "C:\Users\Alaa\.conda\envs\uoft\lib\site-packages\jupyter_cache\executors\utils.py", line 58, in single_nb_execution
    executenb(
  File "C:\Users\Alaa\.conda\envs\uoft\lib\site-packages\nbclient\client.py", line 1269, in execute
    return NotebookClient(nb=nb, resources=resources, km=km, **kwargs).execute()
  File "C:\Users\Alaa\.conda\envs\uoft\lib\site-packages\nbclient\util.py", line 85, in wrapped
    return just_run(coro(*args, **kwargs))
  File "C:\Users\Alaa\.conda\envs\uoft\lib\site-packages\nbclient\util.py", line 60, in just_run
    return loop.run_until_complete(coro)
  File "C:\Users\Alaa\.conda\envs\uoft\lib\asyncio\base_events.py", line 646, in run_until_complete
    return future.result()
  File "C:\Users\Alaa\.conda\envs\uoft\lib\site-packages\nbclient\client.py", line 707, in async_execute
    await self.async_execute_cell(
  File "C:\Users\Alaa\.conda\envs\uoft\lib\site-packages\nbclient\client.py", line 1025, in async_execute_cell
    await self._check_raise_for_error(cell, cell_index, exec_reply)
  File "C:\Users\Alaa\.conda\envs\uoft\lib\site-packages\nbclient\client.py", line 919, in _check_raise_for_error
    raise CellExecutionError.from_cell_and_msg(cell, exec_reply_content)
nbclient.exceptions.CellExecutionError: An error occurred while executing the following cell:
------------------
import overpass

api = overpass.API()

# We're looking for restaurants within 1000m of a given point
overpass_query = """
(node["amenity"="restaurant"](around:1000,43.66, -79.39);
 way["amenity"="restaurant"](around:1000,43.66, -79.39);
 rel["amenity"="restaurant"](around:1000,43.66, -79.39);
);
out center;
"""

restaurants = api.get(overpass_query)
------------------

[1;31m---------------------------------------------------------------------------[0m
[1;31mModuleNotFoundError[0m                       Traceback (most recent call last)
Input [1;32mIn [1][0m, in [0;36m<cell line: 1>[1;34m()[0m
[1;32m----> 1[0m [38;5;28;01mimport[39;00m [38;5;21;01moverpass[39;00m
[0;32m      3[0m api [38;5;241m=[39m overpass[38;5;241m.[39mAPI()
[0;32m      5[0m [38;5;66;03m# We're looking for restaurants within 1000m of a given point[39;00m

[1;31mModuleNotFoundError[0m: No module named 'overpass'
ModuleNotFoundError: No module named 'overpass'

